{"/home/tanner/Documents/Coding/HackReactor/Greenfield/server/app.js": {"path":"/home/tanner/Documents/Coding/HackReactor/Greenfield/server/app.js","statementMap":{"0":{"start":{"line":2,"column":14},"end":{"line":2,"column":32}},"1":{"start":{"line":3,"column":14},"end":{"line":3,"column":40}},"2":{"start":{"line":4,"column":23},"end":{"line":4,"column":51}},"3":{"start":{"line":5,"column":11},"end":{"line":5,"column":26}},"4":{"start":{"line":6,"column":12},"end":{"line":6,"column":30}},"5":{"start":{"line":7,"column":15},"end":{"line":7,"column":34}},"6":{"start":{"line":8,"column":19},"end":{"line":8,"column":43}},"7":{"start":{"line":9,"column":17},"end":{"line":9,"column":39}},"8":{"start":{"line":10,"column":15},"end":{"line":10,"column":34}},"9":{"start":{"line":11,"column":20},"end":{"line":11,"column":54}},"10":{"start":{"line":12,"column":12},"end":{"line":12,"column":36}},"11":{"start":{"line":13,"column":11},"end":{"line":13,"column":26}},"12":{"start":{"line":18,"column":13},"end":{"line":18,"column":38}},"13":{"start":{"line":19,"column":12},"end":{"line":19,"column":37}},"14":{"start":{"line":21,"column":10},"end":{"line":21,"column":19}},"15":{"start":{"line":23,"column":0},"end":{"line":23,"column":27}},"16":{"start":{"line":24,"column":0},"end":{"line":24,"column":49}},"17":{"start":{"line":25,"column":0},"end":{"line":25,"column":24}},"18":{"start":{"line":26,"column":0},"end":{"line":26,"column":55}},"19":{"start":{"line":29,"column":0},"end":{"line":33,"column":4}},"20":{"start":{"line":35,"column":0},"end":{"line":35,"column":31}},"21":{"start":{"line":36,"column":0},"end":{"line":36,"column":28}},"22":{"start":{"line":38,"column":0},"end":{"line":38,"column":21}},"23":{"start":{"line":39,"column":0},"end":{"line":39,"column":25}},"24":{"start":{"line":41,"column":0},"end":{"line":45,"column":1}},"25":{"start":{"line":42,"column":2},"end":{"line":42,"column":46}},"26":{"start":{"line":44,"column":2},"end":{"line":44,"column":67}},"27":{"start":{"line":44,"column":25},"end":{"line":44,"column":65}},"28":{"start":{"line":47,"column":0},"end":{"line":47,"column":21}}},"fnMap":{"0":{"name":"(anonymous_0)","decl":{"start":{"line":44,"column":19},"end":{"line":44,"column":20}},"loc":{"start":{"line":44,"column":25},"end":{"line":44,"column":65}},"line":44}},"branchMap":{"0":{"loc":{"start":{"line":41,"column":0},"end":{"line":45,"column":1}},"type":"if","locations":[{"start":{"line":41,"column":0},"end":{"line":45,"column":1}},{"start":{"line":41,"column":0},"end":{"line":45,"column":1}}],"line":41},"1":{"loc":{"start":{"line":42,"column":19},"end":{"line":42,"column":43}},"type":"binary-expr","locations":[{"start":{"line":42,"column":19},"end":{"line":42,"column":35}},{"start":{"line":42,"column":39},"end":{"line":42,"column":43}}],"line":42}},"s":{"0":1,"1":1,"2":1,"3":1,"4":1,"5":1,"6":1,"7":1,"8":1,"9":1,"10":1,"11":1,"12":1,"13":1,"14":1,"15":1,"16":1,"17":1,"18":1,"19":1,"20":1,"21":1,"22":1,"23":1,"24":1,"25":0,"26":0,"27":0,"28":1},"f":{"0":0},"b":{"0":[0,1],"1":[0,0]},"_coverageSchema":"332fd63041d2c1bcb487cc26dd0d5f7d97098a6c","hash":"a85a975dc4e54bb57e0fe4293e7972dd46a7b82e"}
,"/home/tanner/Documents/Coding/HackReactor/Greenfield/server/routes/index.js": {"path":"/home/tanner/Documents/Coding/HackReactor/Greenfield/server/routes/index.js","statementMap":{"0":{"start":{"line":1,"column":14},"end":{"line":1,"column":32}},"1":{"start":{"line":2,"column":13},"end":{"line":2,"column":29}},"2":{"start":{"line":5,"column":0},"end":{"line":7,"column":3}},"3":{"start":{"line":6,"column":2},"end":{"line":6,"column":22}},"4":{"start":{"line":10,"column":2},"end":{"line":16,"column":3}},"5":{"start":{"line":11,"column":4},"end":{"line":11,"column":18}},"6":{"start":{"line":15,"column":4},"end":{"line":15,"column":32}},"7":{"start":{"line":19,"column":0},"end":{"line":19,"column":24}}},"fnMap":{"0":{"name":"(anonymous_0)","decl":{"start":{"line":5,"column":37},"end":{"line":5,"column":38}},"loc":{"start":{"line":5,"column":56},"end":{"line":7,"column":1}},"line":5},"1":{"name":"ensureAuthenticated","decl":{"start":{"line":9,"column":9},"end":{"line":9,"column":28}},"loc":{"start":{"line":9,"column":45},"end":{"line":17,"column":1}},"line":9}},"branchMap":{"0":{"loc":{"start":{"line":10,"column":2},"end":{"line":16,"column":3}},"type":"if","locations":[{"start":{"line":10,"column":2},"end":{"line":16,"column":3}},{"start":{"line":10,"column":2},"end":{"line":16,"column":3}}],"line":10}},"s":{"0":1,"1":1,"2":1,"3":0,"4":0,"5":0,"6":0,"7":1},"f":{"0":0,"1":0},"b":{"0":[0,0]},"_coverageSchema":"332fd63041d2c1bcb487cc26dd0d5f7d97098a6c","hash":"9d5d25ab36c4d930b4bad9a6116be4db02fd81a8"}
,"/home/tanner/Documents/Coding/HackReactor/Greenfield/server/routes/users.js": {"path":"/home/tanner/Documents/Coding/HackReactor/Greenfield/server/routes/users.js","statementMap":{"0":{"start":{"line":1,"column":14},"end":{"line":1,"column":32}},"1":{"start":{"line":2,"column":13},"end":{"line":2,"column":29}},"2":{"start":{"line":3,"column":15},"end":{"line":3,"column":34}},"3":{"start":{"line":4,"column":20},"end":{"line":4,"column":54}},"4":{"start":{"line":9,"column":0},"end":{"line":11,"column":3}},"5":{"start":{"line":14,"column":0},"end":{"line":16,"column":3}},"6":{"start":{"line":19,"column":0},"end":{"line":52,"column":3}},"7":{"start":{"line":20,"column":17},"end":{"line":20,"column":34}},"8":{"start":{"line":21,"column":14},"end":{"line":21,"column":28}},"9":{"start":{"line":22,"column":17},"end":{"line":22,"column":34}},"10":{"start":{"line":25,"column":2},"end":{"line":25,"column":63}},"11":{"start":{"line":26,"column":2},"end":{"line":26,"column":57}},"12":{"start":{"line":27,"column":2},"end":{"line":27,"column":57}},"13":{"start":{"line":28,"column":2},"end":{"line":28,"column":63}},"14":{"start":{"line":30,"column":15},"end":{"line":30,"column":37}},"15":{"start":{"line":32,"column":2},"end":{"line":51,"column":3}},"16":{"start":{"line":33,"column":4},"end":{"line":33,"column":24}},"17":{"start":{"line":35,"column":18},"end":{"line":39,"column":6}},"18":{"start":{"line":42,"column":4},"end":{"line":47,"column":7}},"19":{"start":{"line":43,"column":6},"end":{"line":45,"column":7}},"20":{"start":{"line":44,"column":8},"end":{"line":44,"column":18}},"21":{"start":{"line":46,"column":6},"end":{"line":46,"column":24}},"22":{"start":{"line":49,"column":4},"end":{"line":49,"column":27}},"23":{"start":{"line":54,"column":0},"end":{"line":77,"column":3}},"24":{"start":{"line":57,"column":4},"end":{"line":75,"column":7}},"25":{"start":{"line":58,"column":6},"end":{"line":60,"column":7}},"26":{"start":{"line":59,"column":8},"end":{"line":59,"column":18}},"27":{"start":{"line":61,"column":6},"end":{"line":63,"column":7}},"28":{"start":{"line":62,"column":8},"end":{"line":62,"column":60}},"29":{"start":{"line":65,"column":6},"end":{"line":74,"column":9}},"30":{"start":{"line":66,"column":8},"end":{"line":68,"column":9}},"31":{"start":{"line":67,"column":10},"end":{"line":67,"column":20}},"32":{"start":{"line":69,"column":8},"end":{"line":73,"column":9}},"33":{"start":{"line":70,"column":10},"end":{"line":70,"column":34}},"34":{"start":{"line":72,"column":10},"end":{"line":72,"column":66}},"35":{"start":{"line":79,"column":0},"end":{"line":81,"column":3}},"36":{"start":{"line":80,"column":2},"end":{"line":80,"column":22}},"37":{"start":{"line":83,"column":0},"end":{"line":88,"column":3}},"38":{"start":{"line":85,"column":2},"end":{"line":87,"column":5}},"39":{"start":{"line":86,"column":4},"end":{"line":86,"column":20}},"40":{"start":{"line":90,"column":0},"end":{"line":90,"column":118}},"41":{"start":{"line":92,"column":0},"end":{"line":96,"column":3}},"42":{"start":{"line":93,"column":2},"end":{"line":93,"column":15}},"43":{"start":{"line":94,"column":2},"end":{"line":94,"column":49}},"44":{"start":{"line":95,"column":2},"end":{"line":95,"column":31}},"45":{"start":{"line":98,"column":0},"end":{"line":98,"column":24}}},"fnMap":{"0":{"name":"(anonymous_0)","decl":{"start":{"line":9,"column":22},"end":{"line":9,"column":23}},"loc":{"start":{"line":9,"column":41},"end":{"line":11,"column":1}},"line":9},"1":{"name":"(anonymous_1)","decl":{"start":{"line":14,"column":21},"end":{"line":14,"column":22}},"loc":{"start":{"line":14,"column":40},"end":{"line":16,"column":1}},"line":14},"2":{"name":"(anonymous_2)","decl":{"start":{"line":19,"column":23},"end":{"line":19,"column":24}},"loc":{"start":{"line":19,"column":42},"end":{"line":52,"column":1}},"line":19},"3":{"name":"(anonymous_3)","decl":{"start":{"line":42,"column":29},"end":{"line":42,"column":30}},"loc":{"start":{"line":42,"column":49},"end":{"line":47,"column":5}},"line":42},"4":{"name":"(anonymous_4)","decl":{"start":{"line":55,"column":2},"end":{"line":55,"column":3}},"loc":{"start":{"line":55,"column":37},"end":{"line":76,"column":3}},"line":55},"5":{"name":"(anonymous_5)","decl":{"start":{"line":57,"column":37},"end":{"line":57,"column":38}},"loc":{"start":{"line":57,"column":57},"end":{"line":75,"column":5}},"line":57},"6":{"name":"(anonymous_6)","decl":{"start":{"line":65,"column":52},"end":{"line":65,"column":53}},"loc":{"start":{"line":65,"column":75},"end":{"line":74,"column":7}},"line":65},"7":{"name":"(anonymous_7)","decl":{"start":{"line":79,"column":23},"end":{"line":79,"column":24}},"loc":{"start":{"line":79,"column":44},"end":{"line":81,"column":1}},"line":79},"8":{"name":"(anonymous_8)","decl":{"start":{"line":83,"column":25},"end":{"line":83,"column":26}},"loc":{"start":{"line":83,"column":44},"end":{"line":88,"column":1}},"line":83},"9":{"name":"(anonymous_9)","decl":{"start":{"line":85,"column":23},"end":{"line":85,"column":24}},"loc":{"start":{"line":85,"column":43},"end":{"line":87,"column":3}},"line":85},"10":{"name":"(anonymous_10)","decl":{"start":{"line":92,"column":22},"end":{"line":92,"column":23}},"loc":{"start":{"line":92,"column":41},"end":{"line":96,"column":1}},"line":92}},"branchMap":{"0":{"loc":{"start":{"line":32,"column":2},"end":{"line":51,"column":3}},"type":"if","locations":[{"start":{"line":32,"column":2},"end":{"line":51,"column":3}},{"start":{"line":32,"column":2},"end":{"line":51,"column":3}}],"line":32},"1":{"loc":{"start":{"line":43,"column":6},"end":{"line":45,"column":7}},"type":"if","locations":[{"start":{"line":43,"column":6},"end":{"line":45,"column":7}},{"start":{"line":43,"column":6},"end":{"line":45,"column":7}}],"line":43},"2":{"loc":{"start":{"line":58,"column":6},"end":{"line":60,"column":7}},"type":"if","locations":[{"start":{"line":58,"column":6},"end":{"line":60,"column":7}},{"start":{"line":58,"column":6},"end":{"line":60,"column":7}}],"line":58},"3":{"loc":{"start":{"line":61,"column":6},"end":{"line":63,"column":7}},"type":"if","locations":[{"start":{"line":61,"column":6},"end":{"line":63,"column":7}},{"start":{"line":61,"column":6},"end":{"line":63,"column":7}}],"line":61},"4":{"loc":{"start":{"line":66,"column":8},"end":{"line":68,"column":9}},"type":"if","locations":[{"start":{"line":66,"column":8},"end":{"line":68,"column":9}},{"start":{"line":66,"column":8},"end":{"line":68,"column":9}}],"line":66},"5":{"loc":{"start":{"line":69,"column":8},"end":{"line":73,"column":9}},"type":"if","locations":[{"start":{"line":69,"column":8},"end":{"line":73,"column":9}},{"start":{"line":69,"column":8},"end":{"line":73,"column":9}}],"line":69}},"s":{"0":1,"1":1,"2":1,"3":1,"4":1,"5":1,"6":1,"7":0,"8":0,"9":0,"10":0,"11":0,"12":0,"13":0,"14":0,"15":0,"16":0,"17":0,"18":0,"19":0,"20":0,"21":0,"22":0,"23":1,"24":0,"25":0,"26":0,"27":0,"28":0,"29":0,"30":0,"31":0,"32":0,"33":0,"34":0,"35":1,"36":0,"37":1,"38":0,"39":0,"40":1,"41":1,"42":0,"43":0,"44":0,"45":1},"f":{"0":0,"1":0,"2":0,"3":0,"4":0,"5":0,"6":0,"7":0,"8":0,"9":0,"10":0},"b":{"0":[0,0],"1":[0,0],"2":[0,0],"3":[0,0],"4":[0,0],"5":[0,0]},"_coverageSchema":"332fd63041d2c1bcb487cc26dd0d5f7d97098a6c","hash":"8a0f850fb89ddb67d11671f9556d59ba4341fb71"}
}
