TN:
SF:/home/tanner/Documents/Coding/HackReactor/Greenfield/server/app.js
FN:44,(anonymous_0)
FNF:1
FNH:0
FNDA:0,(anonymous_0)
DA:2,1
DA:3,1
DA:4,1
DA:5,1
DA:6,1
DA:7,1
DA:8,1
DA:9,1
DA:10,1
DA:11,1
DA:12,1
DA:13,1
DA:18,1
DA:19,1
DA:21,1
DA:23,1
DA:24,1
DA:25,1
DA:26,1
DA:29,1
DA:35,1
DA:36,1
DA:38,1
DA:39,1
DA:41,1
DA:42,0
DA:44,0
DA:47,1
LF:28
LH:26
BRDA:41,0,0,0
BRDA:41,0,1,1
BRDA:42,1,0,0
BRDA:42,1,1,0
BRF:4
BRH:1
end_of_record
TN:
SF:/home/tanner/Documents/Coding/HackReactor/Greenfield/server/routes/index.js
FN:5,(anonymous_0)
FN:9,ensureAuthenticated
FNF:2
FNH:0
FNDA:0,(anonymous_0)
FNDA:0,ensureAuthenticated
DA:1,1
DA:2,1
DA:5,1
DA:6,0
DA:10,0
DA:11,0
DA:15,0
DA:19,1
LF:8
LH:4
BRDA:10,0,0,0
BRDA:10,0,1,0
BRF:2
BRH:0
end_of_record
TN:
SF:/home/tanner/Documents/Coding/HackReactor/Greenfield/server/routes/users.js
FN:9,(anonymous_0)
FN:14,(anonymous_1)
FN:19,(anonymous_2)
FN:42,(anonymous_3)
FN:55,(anonymous_4)
FN:57,(anonymous_5)
FN:65,(anonymous_6)
FN:79,(anonymous_7)
FN:83,(anonymous_8)
FN:85,(anonymous_9)
FN:92,(anonymous_10)
FNF:11
FNH:0
FNDA:0,(anonymous_0)
FNDA:0,(anonymous_1)
FNDA:0,(anonymous_2)
FNDA:0,(anonymous_3)
FNDA:0,(anonymous_4)
FNDA:0,(anonymous_5)
FNDA:0,(anonymous_6)
FNDA:0,(anonymous_7)
FNDA:0,(anonymous_8)
FNDA:0,(anonymous_9)
FNDA:0,(anonymous_10)
DA:1,1
DA:2,1
DA:3,1
DA:4,1
DA:9,1
DA:14,1
DA:19,1
DA:20,0
DA:21,0
DA:22,0
DA:25,0
DA:26,0
DA:27,0
DA:28,0
DA:30,0
DA:32,0
DA:33,0
DA:35,0
DA:42,0
DA:43,0
DA:44,0
DA:46,0
DA:49,0
DA:54,1
DA:57,0
DA:58,0
DA:59,0
DA:61,0
DA:62,0
DA:65,0
DA:66,0
DA:67,0
DA:69,0
DA:70,0
DA:72,0
DA:79,1
DA:80,0
DA:83,1
DA:85,0
DA:86,0
DA:90,1
DA:92,1
DA:93,0
DA:94,0
DA:95,0
DA:98,1
LF:46
LH:13
BRDA:32,0,0,0
BRDA:32,0,1,0
BRDA:43,1,0,0
BRDA:43,1,1,0
BRDA:58,2,0,0
BRDA:58,2,1,0
BRDA:61,3,0,0
BRDA:61,3,1,0
BRDA:66,4,0,0
BRDA:66,4,1,0
BRDA:69,5,0,0
BRDA:69,5,1,0
BRF:12
BRH:0
end_of_record
